<?xml version="1.0" encoding="UTF-8"?>
<!-- Generated by org.testng.reporters.JUnitReportReporter -->
<testsuite hostname="CHN-0359" failures="0" tests="1" name="demo1.cucumber.Ctestrunner" time="16.606" errors="0" timestamp="2024-04-19T16:08:12 IST" skipped="0">
  <testcase classname="demo1.cucumber.Ctestrunner" name="runScenario" time="16.606"/>
  <system-out/>
</testsuite> <!-- demo1.cucumber.Ctestrunner -->
